<?xml version="1.0" encoding="utf-8"?><testsuites><testsuite name="pytest" errors="0" failures="0" skipped="0" tests="2" time="8.859" timestamp="2025-09-28T00:20:55.634322" hostname="DESKTOP-N5L7IR5"><testcase classname="tests.test_performance.TestMemoryPerformance" name="test_memory_usage_during_load" time="1.484" /><testcase classname="tests.test_performance.TestMemoryPerformance" name="test_object_creation_memory" time="0.090" /></testsuite></testsuites>