<?xml version="1.0" encoding="utf-8"?><testsuites><testsuite name="pytest" errors="0" failures="5" skipped="0" tests="108" time="47.707" timestamp="2025-09-27T15:36:12.978570" hostname="DESKTOP-N5L7IR5"><testcase classname="tests.test_api_auth.TestAuthenticationAPI" name="test_register_user_success" time="0.567" /><testcase classname="tests.test_api_auth.TestAuthenticationAPI" name="test_register_user_duplicate_email" time="0.279" /><testcase classname="tests.test_api_auth.TestAuthenticationAPI" name="test_register_user_invalid_email" time="0.028" /><testcase classname="tests.test_api_auth.TestAuthenticationAPI" name="test_register_user_weak_password" time="0.026" /><testcase classname="tests.test_api_auth.TestAuthenticationAPI" name="test_register_user_invalid_role" time="0.023" /><testcase classname="tests.test_api_auth.TestAuthenticationAPI" name="test_login_success" time="0.541" /><testcase classname="tests.test_api_auth.TestAuthenticationAPI" name="test_login_invalid_username" time="0.037" /><testcase classname="tests.test_api_auth.TestAuthenticationAPI" name="test_login_invalid_password" time="0.525" /><testcase classname="tests.test_api_auth.TestAuthenticationAPI" name="test_login_inactive_user" time="0.524" /><testcase classname="tests.test_api_auth.TestAuthenticationAPI" name="test_get_current_user_success" time="0.331" /><testcase classname="tests.test_api_auth.TestAuthenticationAPI" name="test_get_current_user_invalid_token" time="0.032" /><testcase classname="tests.test_api_auth.TestAuthenticationAPI" name="test_get_current_user_no_token" time="0.025" /><testcase classname="tests.test_api_auth.TestAuthenticationAPI" name="test_refresh_token_success" time="0.272" /><testcase classname="tests.test_api_auth.TestAuthenticationAPI" name="test_refresh_token_invalid" time="0.029" /><testcase classname="tests.test_api_auth.TestAuthenticationSecurity" name="test_password_hashing" time="0.251" /><testcase classname="tests.test_api_auth.TestAuthenticationSecurity" name="test_jwt_token_expiration" time="0.272" /><testcase classname="tests.test_api_auth.TestAuthenticationSecurity" name="test_role_based_access_control" time="0.284" /><testcase classname="tests.test_api_auth.TestAuthenticationSecurity" name="test_sql_injection_protection['; DROP TABLE users; --]" time="0.032" /><testcase classname="tests.test_api_auth.TestAuthenticationSecurity" name="test_sql_injection_protection[&lt;script&gt;alert('xss')&lt;/script&gt;]" time="0.034" /><testcase classname="tests.test_api_auth.TestAuthenticationSecurity" name="test_sql_injection_protection[' OR '1'='1]" time="0.034" /><testcase classname="tests.test_api_auth.TestAuthenticationSecurity" name="test_sql_injection_protection[admin'; --]" time="0.037" /><testcase classname="tests.test_api_auth.TestAuthenticationSecurity" name="test_xss_protection_in_registration" time="0.037" /><testcase classname="tests.test_api_auth.TestAuthenticationIntegration" name="test_full_registration_login_flow" time="0.579" /><testcase classname="tests.test_api_auth.TestAuthenticationIntegration" name="test_multiple_concurrent_logins" time="2.023" /><testcase classname="tests.test_api_auth.TestAuthenticationIntegration" name="test_user_role_persistence" time="0.561" /><testcase classname="tests.test_api_auth.TestAuthenticationPerformance" name="test_login_performance" time="0.540" /><testcase classname="tests.test_api_auth.TestAuthenticationPerformance" name="test_token_verification_performance" time="0.296" /><testcase classname="tests.test_api_auth.TestAuthenticationPerformance" name="test_concurrent_authentication_load" time="2.494" /><testcase classname="tests.test_api_businesses.TestBusinessAPI" name="test_create_business_success" time="0.300" /><testcase classname="tests.test_api_businesses.TestBusinessAPI" name="test_create_business_missing_name" time="0.293" /><testcase classname="tests.test_api_businesses.TestBusinessAPI" name="test_create_business_empty_name" time="0.292" /><testcase classname="tests.test_api_businesses.TestBusinessAPI" name="test_create_business_unauthorized" time="0.031" /><testcase classname="tests.test_api_businesses.TestBusinessAPI" name="test_list_businesses_admin" time="0.601" /><testcase classname="tests.test_api_businesses.TestBusinessAPI" name="test_list_businesses_owner" time="0.331" /><testcase classname="tests.test_api_businesses.TestBusinessAPI" name="test_list_businesses_unauthorized_user" time="0.290" /><testcase classname="tests.test_api_businesses.TestBusinessAPI" name="test_list_businesses_pagination" time="0.310" /><testcase classname="tests.test_api_businesses.TestBusinessAPI" name="test_get_business_success" time="0.344" /><testcase classname="tests.test_api_businesses.TestBusinessAPI" name="test_get_business_admin_access" time="0.702" /><testcase classname="tests.test_api_businesses.TestBusinessAPI" name="test_get_business_unauthorized_user" time="0.554" /><testcase classname="tests.test_api_businesses.TestBusinessAPI" name="test_get_business_not_found" time="0.302" /><testcase classname="tests.test_api_businesses.TestBusinessAPI" name="test_update_business_success" time="0.326" /><testcase classname="tests.test_api_businesses.TestBusinessAPI" name="test_update_business_empty_name" time="0.310" /><testcase classname="tests.test_api_businesses.TestBusinessAPI" name="test_update_business_unauthorized" time="0.591" /><testcase classname="tests.test_api_businesses.TestBusinessAPI" name="test_update_business_not_found" time="0.296" /><testcase classname="tests.test_api_businesses.TestBusinessAPI" name="test_delete_business_success" time="0.305" /><testcase classname="tests.test_api_businesses.TestBusinessAPI" name="test_delete_business_unauthorized" time="0.566" /><testcase classname="tests.test_api_businesses.TestBusinessAPI" name="test_delete_business_not_found" time="0.294" /><testcase classname="tests.test_api_businesses.TestUserBusinessAPI" name="test_list_user_businesses" time="0.302" /><testcase classname="tests.test_api_businesses.TestUserBusinessAPI" name="test_create_user_business_association" time="0.608" /><testcase classname="tests.test_api_businesses.TestUserBusinessAPI" name="test_create_user_business_duplicate" time="0.342" /><testcase classname="tests.test_api_businesses.TestUserBusinessAPI" name="test_create_user_business_nonexistent" time="0.291" /><testcase classname="tests.test_api_businesses.TestUserBusinessAPI" name="test_remove_user_business_association" time="0.368" /><testcase classname="tests.test_api_businesses.TestUserBusinessAPI" name="test_remove_user_business_not_found" time="0.292" /><testcase classname="tests.test_api_businesses.TestBusinessSecurity" name="test_business_name_xss_protection[&lt;script&gt;alert('xss')&lt;/script&gt;]" time="0.287" /><testcase classname="tests.test_api_businesses.TestBusinessSecurity" name="test_business_name_xss_protection['; DROP TABLE businesses; --]" time="0.284" /><testcase classname="tests.test_api_businesses.TestBusinessSecurity" name="test_business_name_xss_protection[javascript:alert('xss')]" time="0.283" /><testcase classname="tests.test_api_businesses.TestBusinessSecurity" name="test_business_name_xss_protection[&lt;img src=x onerror=alert('xss')&gt;]" time="0.288" /><testcase classname="tests.test_api_businesses.TestBusinessSecurity" name="test_business_access_control" time="0.833" /><testcase classname="tests.test_api_businesses.TestBusinessSecurity" name="test_business_data_validation" time="0.295" /><testcase classname="tests.test_api_businesses.TestBusinessIntegration" name="test_full_business_lifecycle" time="0.371" /><testcase classname="tests.test_api_businesses.TestBusinessIntegration" name="test_business_owner_permissions" time="0.871" /><testcase classname="tests.test_api_businesses.TestBusinessPerformance" name="test_business_creation_performance" time="0.298" /><testcase classname="tests.test_api_businesses.TestBusinessPerformance" name="test_business_listing_performance" time="0.293" /><testcase classname="tests.test_api_businesses.TestBusinessPerformance" name="test_concurrent_business_operations" time="0.696"><failure message="assert 2 &gt;= 18">tests\test_api_businesses.py:614: in test_concurrent_business_operations
    assert results["created"] &gt;= 18
E   assert 2 &gt;= 18</failure></testcase><testcase classname="tests.test_api_health.TestHealthAPI" name="test_basic_health_check" time="0.030" /><testcase classname="tests.test_api_health.TestHealthAPI" name="test_health_check_performance" time="0.033" /><testcase classname="tests.test_api_health.TestHealthAPI" name="test_readiness_check_success" time="0.029" /><testcase classname="tests.test_api_health.TestHealthAPI" name="test_readiness_check_database_failure" time="0.037" /><testcase classname="tests.test_api_health.TestHealthAPI" name="test_legacy_health_db_success" time="0.031" /><testcase classname="tests.test_api_health.TestHealthAPI" name="test_legacy_health_db_failure" time="0.034"><failure message="AssertionError: assert 'error' in {'db': False, 'deprecated': 'Use /readyz instead', 'status': 'error'}">tests\test_api_health.py:88: in test_legacy_health_db_failure
    assert "error" in data
E   AssertionError: assert 'error' in {'db': False, 'deprecated': 'Use /readyz instead', 'status': 'error'}</failure></testcase><testcase classname="tests.test_api_health.TestHealthIntegration" name="test_health_endpoints_sequence" time="0.046" /><testcase classname="tests.test_api_health.TestHealthIntegration" name="test_health_check_under_load" time="1.018" /><testcase classname="tests.test_api_health.TestHealthPerformance" name="test_health_check_consistency" time="0.455" /><testcase classname="tests.test_api_health.TestHealthPerformance" name="test_readiness_check_timeout" time="0.029" /><testcase classname="tests.test_api_health.TestHealthPerformance" name="test_sustained_health_monitoring" time="10.118" /><testcase classname="tests.test_api_health.TestHealthSmoke" name="test_root_endpoint" time="0.029" /><testcase classname="tests.test_api_health.TestHealthSmoke" name="test_all_health_endpoints_accessible" time="0.067" /><testcase classname="tests.test_api_health.TestHealthSmoke" name="test_api_docs_accessible" time="0.181" /><testcase classname="tests.test_api_health.TestHealthSecurity" name="test_health_endpoints_no_sensitive_info" time="0.047" /><testcase classname="tests.test_api_health.TestHealthSecurity" name="test_health_endpoints_rate_limiting" time="1.766" /><testcase classname="tests.test_api_health.TestHealthSecurity" name="test_health_check_headers" time="0.026" /><testcase classname="tests.test_api_health.TestHealthRegression" name="test_health_response_format_stability" time="0.027" /><testcase classname="tests.test_api_health.TestHealthRegression" name="test_readiness_response_format_stability" time="0.029" /><testcase classname="tests.test_api_health.TestHealthRegression" name="test_backward_compatibility" time="0.029" /><testcase classname="tests.test_database.TestDatabaseModels" name="test_user_model_creation" time="0.010" /><testcase classname="tests.test_database.TestDatabaseModels" name="test_user_model_unique_constraints" time="0.014" /><testcase classname="tests.test_database.TestDatabaseModels" name="test_business_model_creation" time="0.012" /><testcase classname="tests.test_database.TestDatabaseModels" name="test_product_model_creation" time="0.278" /><testcase classname="tests.test_database.TestDatabaseModels" name="test_order_model_creation" time="0.529" /><testcase classname="tests.test_database.TestDatabaseModels" name="test_order_item_model_creation" time="0.538" /><testcase classname="tests.test_database.TestDatabaseModels" name="test_user_business_model_creation" time="0.524" /><testcase classname="tests.test_database.TestCRUDOperations" name="test_user_crud_operations" time="0.023" /><testcase classname="tests.test_database.TestCRUDOperations" name="test_business_crud_operations" time="0.021" /><testcase classname="tests.test_database.TestCRUDOperations" name="test_product_crud_operations" time="0.282" /><testcase classname="tests.test_database.TestCRUDOperations" name="test_order_crud_operations" time="0.534" /><testcase classname="tests.test_database.TestCRUDOperations" name="test_user_business_crud_operations" time="0.527" /><testcase classname="tests.test_database.TestDatabaseRelationships" name="test_user_order_relationship" time="0.522" /><testcase classname="tests.test_database.TestDatabaseRelationships" name="test_business_product_relationship" time="0.275" /><testcase classname="tests.test_database.TestDatabaseRelationships" name="test_order_order_item_relationship" time="0.533" /><testcase classname="tests.test_database.TestDatabaseRelationships" name="test_user_business_associations" time="0.269" /><testcase classname="tests.test_database.TestAnalyticsOperations" name="test_business_analytics" time="0.544" /><testcase classname="tests.test_database.TestAnalyticsOperations" name="test_date_range_analytics" time="0.520"><failure message="assert 0 &gt;= 3">tests\test_database.py:571: in test_date_range_analytics
    assert stats["total_orders"] &gt;= 3
E   assert 0 &gt;= 3</failure></testcase><testcase classname="tests.test_database.TestAnalyticsOperations" name="test_daily_sales_analytics" time="0.527"><failure message="assert 0 &gt;= 1&#10; +  where 0 = len([])">tests\test_database.py:595: in test_daily_sales_analytics
    assert len(daily_sales) &gt;= 1
E   assert 0 &gt;= 1
E    +  where 0 = len([])</failure></testcase><testcase classname="tests.test_database.TestDatabaseIntegration" name="test_complete_order_flow" time="0.530" /><testcase classname="tests.test_database.TestDatabaseIntegration" name="test_user_business_permission_flow" time="0.038" /><testcase classname="tests.test_database.TestDatabasePerformance" name="test_bulk_user_creation" time="0.039" /><testcase classname="tests.test_database.TestDatabasePerformance" name="test_complex_query_performance" time="0.539" /><testcase classname="tests.test_database.TestDatabasePerformance" name="test_database_connection_pool" time="0.021"><failure message="assert 0 &gt;= 45">tests\test_database.py:852: in test_database_connection_pool
    assert results["successful"] &gt;= 45  # Allow for some variance
E   assert 0 &gt;= 45</failure></testcase></testsuite></testsuites>