<?xml version="1.0" encoding="utf-8"?><testsuites><testsuite name="pytest" errors="0" failures="0" skipped="0" tests="0" time="0.047" timestamp="2025-09-28T23:17:26.725876" hostname="DESKTOP-N5L7IR5" /></testsuites>